#At time x process y state arr w total z remain y wait k
At time 6 process 1 started arr 6 total 4 remain 4 wait 0
At time 10 process 1 finished arr 6 total 4 remain 0 wait 0 TA 4 WTA 1.00
At time 12 process 2 started arr 12 total 18 remain 18 wait 0
At time 17 process 2 stopped arr 12 total 18 remain 14 wait 0
At time 17 process 3 started arr 17 total 4 remain 4 wait 0
At time 19 process 3 stopped arr 17 total 4 remain 2 wait 0
At time 19 process 2 resumed arr 12 total 18 remain 14
At time 20 process 2 stopped arr 12 total 18 remain 12 wait 0
At time 20 process 3 resumed arr 17 total 4 remain 2
At time 21 process 3 finished arr 17 total 4 remain 0 wait 0 TA 4 WTA 1.00
At time 21 process 2 resumed arr 12 total 18 remain 12
At time 27 process 2 stopped arr 12 total 18 remain 6 wait 0
At time 27 process 4 started arr 27 total 26 remain 26 wait 0
At time 29 process 4 stopped arr 27 total 26 remain 24 wait 0
At time 29 process 2 resumed arr 12 total 18 remain 6
At time 30 process 2 stopped arr 12 total 18 remain 4 wait 0
At time 30 process 4 resumed arr 27 total 26 remain 24
At time 31 process 4 stopped arr 27 total 26 remain 22 wait 0
At time 31 process 2 resumed arr 12 total 18 remain 4
At time 32 process 2 stopped arr 12 total 18 remain 2 wait 0
At time 32 process 4 resumed arr 27 total 26 remain 22
At time 33 process 4 stopped arr 27 total 26 remain 20 wait 0
At time 33 process 5 started arr 32 total 14 remain 14 wait 1
At time 35 process 5 stopped arr 32 total 14 remain 12 wait 1
At time 35 process 2 resumed arr 12 total 18 remain 2
At time 36 process 2 finished arr 12 total 18 remain 0 wait 0 TA 24 WTA 1.33
At time 36 process 4 resumed arr 27 total 26 remain 20
At time 37 process 4 stopped arr 27 total 26 remain 18 wait 0
At time 37 process 5 resumed arr 32 total 14 remain 12
At time 38 process 5 stopped arr 32 total 14 remain 10 wait 1
At time 38 process 6 started arr 37 total 8 remain 8 wait 1
At time 40 process 6 stopped arr 37 total 8 remain 6 wait 1
At time 40 process 4 resumed arr 27 total 26 remain 18
At time 41 process 4 stopped arr 27 total 26 remain 16 wait 0
At time 41 process 5 resumed arr 32 total 14 remain 10
At time 42 process 5 stopped arr 32 total 14 remain 8 wait 1
At time 42 process 6 resumed arr 37 total 8 remain 6
At time 43 process 6 stopped arr 37 total 8 remain 4 wait 1
At time 43 process 4 resumed arr 27 total 26 remain 16
At time 44 process 4 stopped arr 27 total 26 remain 14 wait 0
At time 44 process 5 resumed arr 32 total 14 remain 8
At time 45 process 5 stopped arr 32 total 14 remain 6 wait 1
At time 45 process 6 resumed arr 37 total 8 remain 4
At time 46 process 6 stopped arr 37 total 8 remain 2 wait 1
At time 46 process 4 resumed arr 27 total 26 remain 14
At time 47 process 4 stopped arr 27 total 26 remain 12 wait 0
At time 47 process 5 resumed arr 32 total 14 remain 6
At time 48 process 5 stopped arr 32 total 14 remain 4 wait 1
At time 48 process 6 resumed arr 37 total 8 remain 2
At time 49 process 6 finished arr 37 total 8 remain 0 wait 1 TA 12 WTA 1.50
At time 49 process 4 resumed arr 27 total 26 remain 12
At time 50 process 4 stopped arr 27 total 26 remain 10 wait 0
At time 50 process 5 resumed arr 32 total 14 remain 4
At time 51 process 5 stopped arr 32 total 14 remain 2 wait 1
At time 51 process 4 resumed arr 27 total 26 remain 10
At time 52 process 4 stopped arr 27 total 26 remain 8 wait 0
At time 52 process 5 resumed arr 32 total 14 remain 2
At time 53 process 5 finished arr 32 total 14 remain 0 wait 1 TA 21 WTA 1.50
At time 53 process 4 resumed arr 27 total 26 remain 8
At time 60 process 4 finished arr 27 total 26 remain 0 wait 0 TA 33 WTA 1.27
